<?xml version="1.0" encoding="UTF-8"?>
<!-- Generated by org.testng.reporters.JUnitXMLReporter -->
<testsuite ignored="0" hostname="LAPTOP-VB5E8EGA" failures="0" tests="2" name="Default test" time="0.099" errors="0" timestamp="2023-02-15T15:32:16 IST">
  <testcase classname="TestNGPackage.TestNG_2_BOB" name="@BeforeTest launchBrowser" time="-1.676455336531E9">
    <failure type="org.testng.TestNGException" message="
Parameter &amp;apos;browser&amp;apos; is required by BeforeTest on method launchBrowser but has not been marked @Optional or defined
in C:\Users\VARUNDA\AppData\Local\Temp\testng-eclipse-1760359715\testng-customsuite.xml">
      <![CDATA[org.testng.TestNGException: 
Parameter 'browser' is required by BeforeTest on method launchBrowser but has not been marked @Optional or defined
in C:\Users\VARUNDA\AppData\Local\Temp\testng-eclipse-1760359715\testng-customsuite.xml
at org.testng.internal.Parameters.createParams(Parameters.java:270)
at org.testng.internal.Parameters.createParametersForMethod(Parameters.java:358)
at org.testng.internal.Parameters.createParameters(Parameters.java:700)
at org.testng.internal.Parameters.createConfigurationParameters(Parameters.java:168)
at org.testng.internal.ConfigInvoker.invokeConfigurations(ConfigInvoker.java:302)
at org.testng.TestRunner.invokeTestConfigurations(TestRunner.java:637)
at org.testng.TestRunner.beforeRun(TestRunner.java:627)
at org.testng.TestRunner.run(TestRunner.java:589)
at org.testng.SuiteRunner.runTest(SuiteRunner.java:377)
at org.testng.SuiteRunner.runSequentially(SuiteRunner.java:371)
at org.testng.SuiteRunner.privateRun(SuiteRunner.java:332)
at org.testng.SuiteRunner.run(SuiteRunner.java:276)
at org.testng.SuiteRunnerWorker.runSuite(SuiteRunnerWorker.java:53)
at org.testng.SuiteRunnerWorker.run(SuiteRunnerWorker.java:96)
at org.testng.TestNG.runSuitesSequentially(TestNG.java:1212)
at org.testng.TestNG.runSuitesLocally(TestNG.java:1134)
at org.testng.TestNG.runSuites(TestNG.java:1063)
at org.testng.TestNG.run(TestNG.java:1031)
at org.testng.remote.AbstractRemoteTestNG.run(AbstractRemoteTestNG.java:115)
at org.testng.remote.RemoteTestNG.initAndRun(RemoteTestNG.java:251)
at org.testng.remote.RemoteTestNG.main(RemoteTestNG.java:77)
]]>
    </failure>
  </testcase> <!-- @BeforeTest launchBrowser -->
  <testcase classname="TestNGPackage.TestNG_2_BOB" name="@BeforeClass launchBrowser" time="-1.676455336561E9">
    <skipped/>
  </testcase> <!-- @BeforeClass launchBrowser -->
  <testcase classname="TestNGPackage.TestNG_2_BOB" name="@BeforeMethod maximizeBrowser" time="-1.676455336583E9">
    <skipped/>
  </testcase> <!-- @BeforeMethod maximizeBrowser -->
  <testcase classname="TestNGPackage.TestNG_2_BOB" name="@AfterMethod getText" time="-1.676455336595E9">
    <skipped/>
  </testcase> <!-- @AfterMethod getText -->
  <testcase classname="TestNGPackage.TestNG_2_BOB" name="@BeforeMethod maximizeBrowser" time="-1.676455336602E9">
    <skipped/>
  </testcase> <!-- @BeforeMethod maximizeBrowser -->
  <testcase classname="TestNGPackage.TestNG_2_BOB" name="@AfterMethod getText" time="-1.676455336612E9">
    <skipped/>
  </testcase> <!-- @AfterMethod getText -->
  <testcase classname="TestNGPackage.TestNG_2_BOB" name="@AfterClass AfterClass" time="-1.676455336615E9">
    <skipped/>
  </testcase> <!-- @AfterClass AfterClass -->
  <testcase classname="TestNGPackage.TestNG_2_BOB" name="@AfterTest closeBrowser" time="-1.676455336621E9">
    <skipped/>
  </testcase> <!-- @AfterTest closeBrowser -->
  <testcase classname="TestNGPackage.TestNG_2_BOB" name="darkMode" time="0.0">
    <skipped/>
  </testcase> <!-- darkMode -->
  <testcase classname="TestNGPackage.TestNG_2_BOB" name="exclusiveOffers" time="0.0">
    <skipped/>
  </testcase> <!-- exclusiveOffers -->
</testsuite> <!-- Default test -->
