<?xml version="1.0" encoding="UTF-8"?>
<!-- Generated by org.testng.reporters.JUnitXMLReporter -->
<testsuite ignored="0" hostname="LAPTOP-VB5E8EGA" failures="0" tests="2" name="Default test(failed)" time="0.082" errors="0" timestamp="2023-02-15T15:32:28 IST">
  <testcase classname="TestNGPackage.TestNG_2_BOB" name="@BeforeTest launchBrowser" time="-1.676455348801E9">
    <failure type="org.testng.TestNGException" message="
Parameter &amp;apos;browser&amp;apos; is required by BeforeTest on method launchBrowser but has not been marked @Optional or defined
in C:\Users\VARUNDA\eclipse-workspace\BOB\test-output\testng-failed.xml">
      <![CDATA[org.testng.TestNGException: 
Parameter 'browser' is required by BeforeTest on method launchBrowser but has not been marked @Optional or defined
in C:\Users\VARUNDA\eclipse-workspace\BOB\test-output\testng-failed.xml
... Removed 21 stack frames]]>
    </failure>
  </testcase> <!-- @BeforeTest launchBrowser -->
  <testcase classname="TestNGPackage.TestNG_2_BOB" name="@BeforeClass launchBrowser" time="-1.676455348832E9">
    <skipped/>
  </testcase> <!-- @BeforeClass launchBrowser -->
  <testcase classname="TestNGPackage.TestNG_2_BOB" name="@BeforeMethod maximizeBrowser" time="-1.676455348846E9">
    <skipped/>
  </testcase> <!-- @BeforeMethod maximizeBrowser -->
  <testcase classname="TestNGPackage.TestNG_2_BOB" name="@AfterMethod getText" time="-1.676455348858E9">
    <skipped/>
  </testcase> <!-- @AfterMethod getText -->
  <testcase classname="TestNGPackage.TestNG_2_BOB" name="@BeforeMethod maximizeBrowser" time="-1.676455348863E9">
    <skipped/>
  </testcase> <!-- @BeforeMethod maximizeBrowser -->
  <testcase classname="TestNGPackage.TestNG_2_BOB" name="@AfterMethod getText" time="-1.67645534887E9">
    <skipped/>
  </testcase> <!-- @AfterMethod getText -->
  <testcase classname="TestNGPackage.TestNG_2_BOB" name="@AfterClass AfterClass" time="-1.676455348873E9">
    <skipped/>
  </testcase> <!-- @AfterClass AfterClass -->
  <testcase classname="TestNGPackage.TestNG_2_BOB" name="@AfterTest closeBrowser" time="-1.676455348875E9">
    <skipped/>
  </testcase> <!-- @AfterTest closeBrowser -->
  <testcase classname="TestNGPackage.TestNG_2_BOB" name="darkMode" time="0.0">
    <skipped/>
  </testcase> <!-- darkMode -->
  <testcase classname="TestNGPackage.TestNG_2_BOB" name="exclusiveOffers" time="0.0">
    <skipped/>
  </testcase> <!-- exclusiveOffers -->
</testsuite> <!-- Default test(failed) -->
